This is pdfTeX, Version 3.14159265-2.6-1.40.20 (TeX Live 2019) (preloaded format=pdflatex 2019.6.4)  14 JUN 2019 23:54
entering extended mode
 restricted \write18 enabled.
 file:line:error style messages enabled.
 %&-line parsing enabled.
**\input ./thesis.tex
(./thesis.tex (/usr/local/texlive/2019/texmf-dist/tex/latex/base/report.cls
Document Class: report 2018/09/03 v1.4i Standard LaTeX document class
(/usr/local/texlive/2019/texmf-dist/tex/latex/base/size10.clo
File: size10.clo 2018/09/03 v1.4i Standard LaTeX file (size option)
)
\c@part=\count80
\c@chapter=\count81
\c@section=\count82
\c@subsection=\count83
\c@subsubsection=\count84
\c@paragraph=\count85
\c@subparagraph=\count86
\c@figure=\count87
\c@table=\count88
\abovecaptionskip=\skip41
\belowcaptionskip=\skip42
\bibindent=\dimen102
)
(/usr/local/texlive/2019/texmf-dist/tex/latex/listings/listings.sty
(/usr/local/texlive/2019/texmf-dist/tex/latex/graphics/keyval.sty
Package: keyval 2014/10/28 v1.15 key=value parser (DPC)
\KV@toks@=\toks14
)
\lst@mode=\count89
\lst@gtempboxa=\box27
\lst@token=\toks15
\lst@length=\count90
\lst@currlwidth=\dimen103
\lst@column=\count91
\lst@pos=\count92
\lst@lostspace=\dimen104
\lst@width=\dimen105
\lst@newlines=\count93
\lst@lineno=\count94
\lst@maxwidth=\dimen106

(/usr/local/texlive/2019/texmf-dist/tex/latex/listings/lstmisc.sty
File: lstmisc.sty 2019/02/27 1.8b (Carsten Heinz)
\c@lstnumber=\count95
\lst@skipnumbers=\count96
\lst@framebox=\box28
)
(/usr/local/texlive/2019/texmf-dist/tex/latex/listings/listings.cfg
File: listings.cfg 2019/02/27 1.8b listings configuration
))
Package: listings 2019/02/27 1.8b (Carsten Heinz)

(/usr/local/texlive/2019/texmf-dist/tex/latex/graphics/graphicx.sty
Package: graphicx 2017/06/01 v1.1a Enhanced LaTeX Graphics (DPC,SPQR)

(/usr/local/texlive/2019/texmf-dist/tex/latex/graphics/graphics.sty
Package: graphics 2017/06/25 v1.2c Standard LaTeX Graphics (DPC,SPQR)

(/usr/local/texlive/2019/texmf-dist/tex/latex/graphics/trig.sty
Package: trig 2016/01/03 v1.10 sin cos tan (DPC)
)
(/usr/local/texlive/2019/texmf-dist/tex/latex/graphics-cfg/graphics.cfg
File: graphics.cfg 2016/06/04 v1.11 sample graphics configuration
)
Package graphics Info: Driver file: pdftex.def on input line 99.

(/usr/local/texlive/2019/texmf-dist/tex/latex/graphics-def/pdftex.def
File: pdftex.def 2018/01/08 v1.0l Graphics/color driver for pdftex
))
\Gin@req@height=\dimen107
\Gin@req@width=\dimen108
)
(/usr/local/texlive/2019/texmf-dist/tex/latex/amsmath/amsmath.sty
Package: amsmath 2018/12/01 v2.17b AMS math features
\@mathmargin=\skip43

For additional information on amsmath, use the `?' option.
(/usr/local/texlive/2019/texmf-dist/tex/latex/amsmath/amstext.sty
Package: amstext 2000/06/29 v2.01 AMS text

(/usr/local/texlive/2019/texmf-dist/tex/latex/amsmath/amsgen.sty
File: amsgen.sty 1999/11/30 v2.0 generic functions
\@emptytoks=\toks16
\ex@=\dimen109
))
(/usr/local/texlive/2019/texmf-dist/tex/latex/amsmath/amsbsy.sty
Package: amsbsy 1999/11/29 v1.2d Bold Symbols
\pmbraise@=\dimen110
)
(/usr/local/texlive/2019/texmf-dist/tex/latex/amsmath/amsopn.sty
Package: amsopn 2016/03/08 v2.02 operator names
)
\inf@bad=\count97
LaTeX Info: Redefining \frac on input line 223.
\uproot@=\count98
\leftroot@=\count99
LaTeX Info: Redefining \overline on input line 385.
\classnum@=\count100
\DOTSCASE@=\count101
LaTeX Info: Redefining \ldots on input line 482.
LaTeX Info: Redefining \dots on input line 485.
LaTeX Info: Redefining \cdots on input line 606.
\Mathstrutbox@=\box29
\strutbox@=\box30
\big@size=\dimen111
LaTeX Font Info:    Redeclaring font encoding OML on input line 729.
LaTeX Font Info:    Redeclaring font encoding OMS on input line 730.
\macc@depth=\count102
\c@MaxMatrixCols=\count103
\dotsspace@=\muskip10
\c@parentequation=\count104
\dspbrk@lvl=\count105
\tag@help=\toks17
\row@=\count106
\column@=\count107
\maxfields@=\count108
\andhelp@=\toks18
\eqnshift@=\dimen112
\alignsep@=\dimen113
\tagshift@=\dimen114
\tagwidth@=\dimen115
\totwidth@=\dimen116
\lineht@=\dimen117
\@envbody=\toks19
\multlinegap=\skip44
\multlinetaggap=\skip45
\mathdisplay@stack=\toks20
LaTeX Info: Redefining \[ on input line 2844.
LaTeX Info: Redefining \] on input line 2845.
)
(/usr/local/texlive/2019/texmf-dist/tex/latex/amscls/amsthm.sty
Package: amsthm 2017/10/31 v2.20.4
\thm@style=\toks21
\thm@bodyfont=\toks22
\thm@headfont=\toks23
\thm@notefont=\toks24
\thm@headpunct=\toks25
\thm@preskip=\skip46
\thm@postskip=\skip47
\thm@headsep=\skip48
\dth@everypar=\toks26
)
(/usr/local/texlive/2019/texmf-dist/tex/latex/amsfonts/amsfonts.sty
Package: amsfonts 2013/01/14 v3.01 Basic AMSFonts support
\symAMSa=\mathgroup4
\symAMSb=\mathgroup5
LaTeX Font Info:    Overwriting math alphabet `\mathfrak' in version `bold'
(Font)                  U/euf/m/n --> U/euf/b/n on input line 106.
)
(/usr/local/texlive/2019/texmf-dist/tex/latex/amsmath/amscd.sty
Package: amscd 2017/04/14 v2.1 AMS Commutative Diagrams
\athelp@=\toks27
\minaw@=\dimen118
\bigaw@=\dimen119
\minCDarrowwidth=\dimen120
)
(/usr/local/texlive/2019/texmf-dist/tex/latex/url/url.sty
\Urlmuskip=\muskip11
Package: url 2013/09/16  ver 3.4  Verb mode for urls, etc.
)
(/usr/local/texlive/2019/texmf-dist/tex/latex/geometry/geometry.sty
Package: geometry 2018/04/16 v5.8 Page Geometry

(/usr/local/texlive/2019/texmf-dist/tex/generic/oberdiek/ifpdf.sty
Package: ifpdf 2018/09/07 v3.3 Provides the ifpdf switch
)
(/usr/local/texlive/2019/texmf-dist/tex/generic/oberdiek/ifvtex.sty
Package: ifvtex 2016/05/16 v1.6 Detect VTeX and its facilities (HO)
Package ifvtex Info: VTeX not detected.
)
(/usr/local/texlive/2019/texmf-dist/tex/generic/ifxetex/ifxetex.sty
Package: ifxetex 2010/09/12 v0.6 Provides ifxetex conditional
)
\Gm@cnth=\count109
\Gm@cntv=\count110
\c@Gm@tempcnt=\count111
\Gm@bindingoffset=\dimen121
\Gm@wd@mp=\dimen122
\Gm@odd@mp=\dimen123
\Gm@even@mp=\dimen124
\Gm@layoutwidth=\dimen125
\Gm@layoutheight=\dimen126
\Gm@layouthoffset=\dimen127
\Gm@layoutvoffset=\dimen128
\Gm@dimlist=\toks28
)
(/usr/local/texlive/2019/texmf-dist/tex/latex/algorithms/algorithm.sty
Package: algorithm 2009/08/24 v0.1 Document Style `algorithm' - floating enviro
nment

(/usr/local/texlive/2019/texmf-dist/tex/latex/float/float.sty
Package: float 2001/11/08 v1.3d Float enhancements (AL)
\c@float@type=\count112
\float@exts=\toks29
\float@box=\box31
\@float@everytoks=\toks30
\@floatcapt=\box32
)
(/usr/local/texlive/2019/texmf-dist/tex/latex/base/ifthen.sty
Package: ifthen 2014/09/29 v1.1c Standard LaTeX ifthen package (DPC)
)
\@float@every@algorithm=\toks31
\c@algorithm=\count113
)
(/usr/local/texlive/2019/texmf-dist/tex/latex/algorithms/algorithmic.sty
Package: algorithmic 2009/08/24 v0.1 Document Style `algorithmic'
\c@ALC@unique=\count114
\c@ALC@line=\count115
\c@ALC@rem=\count116
\c@ALC@depth=\count117
\ALC@tlm=\skip49
\algorithmicindent=\skip50
)
(/usr/local/texlive/2019/texmf-dist/tex/latex/tools/afterpage.sty
Package: afterpage 2014/10/28 v1.08 After-Page Package (DPC)
\AP@output=\toks32
\AP@partial=\box33
\AP@footins=\box34
)
\c@theorem=\count118
\c@example=\count119
\c@note=\count120
\c@exercise=\count121

(./thesis.aux

LaTeX Warning: Label `fig:uncond_mr' multiply defined.

)
\openout1 = `thesis.aux'.

LaTeX Font Info:    Checking defaults for OML/cmm/m/it on input line 98.
LaTeX Font Info:    ... okay on input line 98.
LaTeX Font Info:    Checking defaults for T1/cmr/m/n on input line 98.
LaTeX Font Info:    ... okay on input line 98.
LaTeX Font Info:    Checking defaults for OT1/cmr/m/n on input line 98.
LaTeX Font Info:    ... okay on input line 98.
LaTeX Font Info:    Checking defaults for OMS/cmsy/m/n on input line 98.
LaTeX Font Info:    ... okay on input line 98.
LaTeX Font Info:    Checking defaults for OMX/cmex/m/n on input line 98.
LaTeX Font Info:    ... okay on input line 98.
LaTeX Font Info:    Checking defaults for U/cmr/m/n on input line 98.
LaTeX Font Info:    ... okay on input line 98.
\c@lstlisting=\count122
 (/usr/local/texlive/2019/texmf-dist/tex/context/base/mkii/supp-pdf.mkii
[Loading MPS to PDF converter (version 2006.09.02).]
\scratchcounter=\count123
\scratchdimen=\dimen129
\scratchbox=\box35
\nofMPsegments=\count124
\nofMParguments=\count125
\everyMPshowfont=\toks33
\MPscratchCnt=\count126
\MPscratchDim=\dimen130
\MPnumerator=\count127
\makeMPintoPDFobject=\count128
\everyMPtoPDFconversion=\toks34
) (/usr/local/texlive/2019/texmf-dist/tex/latex/oberdiek/epstopdf-base.sty
Package: epstopdf-base 2016/05/15 v2.6 Base part for package epstopdf

(/usr/local/texlive/2019/texmf-dist/tex/generic/oberdiek/infwarerr.sty
Package: infwarerr 2016/05/16 v1.4 Providing info/warning/error messages (HO)
)
(/usr/local/texlive/2019/texmf-dist/tex/latex/oberdiek/grfext.sty
Package: grfext 2016/05/16 v1.2 Manage graphics extensions (HO)

(/usr/local/texlive/2019/texmf-dist/tex/generic/oberdiek/kvdefinekeys.sty
Package: kvdefinekeys 2016/05/16 v1.4 Define keys (HO)

(/usr/local/texlive/2019/texmf-dist/tex/generic/oberdiek/ltxcmds.sty
Package: ltxcmds 2016/05/16 v1.23 LaTeX kernel commands for general use (HO)
)))
(/usr/local/texlive/2019/texmf-dist/tex/latex/oberdiek/kvoptions.sty
Package: kvoptions 2016/05/16 v3.12 Key value format for package options (HO)

(/usr/local/texlive/2019/texmf-dist/tex/generic/oberdiek/kvsetkeys.sty
Package: kvsetkeys 2016/05/16 v1.17 Key value parser (HO)

(/usr/local/texlive/2019/texmf-dist/tex/generic/oberdiek/etexcmds.sty
Package: etexcmds 2016/05/16 v1.6 Avoid name clashes with e-TeX commands (HO)

(/usr/local/texlive/2019/texmf-dist/tex/generic/oberdiek/ifluatex.sty
Package: ifluatex 2016/05/16 v1.4 Provides the ifluatex switch (HO)
Package ifluatex Info: LuaTeX not detected.
))))
(/usr/local/texlive/2019/texmf-dist/tex/generic/oberdiek/pdftexcmds.sty
Package: pdftexcmds 2018/09/10 v0.29 Utility functions of pdfTeX for LuaTeX (HO
)
Package pdftexcmds Info: LuaTeX not detected.
Package pdftexcmds Info: \pdf@primitive is available.
Package pdftexcmds Info: \pdf@ifprimitive is available.
Package pdftexcmds Info: \pdfdraftmode found.
)
Package epstopdf-base Info: Redefining graphics rule for `.eps' on input line 4
38.
Package grfext Info: Graphics extension search list:
(grfext)             [.pdf,.png,.jpg,.mps,.jpeg,.jbig2,.jb2,.PDF,.PNG,.JPG,.JPE
G,.JBIG2,.JB2,.eps]
(grfext)             \AppendGraphicsExtensions on input line 456.

(/usr/local/texlive/2019/texmf-dist/tex/latex/latexconfig/epstopdf-sys.cfg
File: epstopdf-sys.cfg 2010/07/13 v1.3 Configuration of (r)epstopdf for TeX Liv
e
))
*geometry* driver: auto-detecting
*geometry* detected driver: pdftex
*geometry* verbose mode - [ preamble ] result:
* driver: pdftex
* paper: a4paper
* layout: <same size as paper>
* layoutoffset:(h,v)=(0.0pt,0.0pt)
* modes: 
* h-part:(L,W,R)=(85.35826pt, 426.79135pt, 85.35826pt)
* v-part:(T,H,B)=(85.35826pt, 674.33032pt, 85.35826pt)
* \paperwidth=597.50787pt
* \paperheight=845.04684pt
* \textwidth=426.79135pt
* \textheight=674.33032pt
* \oddsidemargin=13.08827pt
* \evensidemargin=13.08827pt
* \topmargin=-23.91173pt
* \headheight=12.0pt
* \headsep=25.0pt
* \topskip=10.0pt
* \footskip=30.0pt
* \marginparwidth=65.0pt
* \marginparsep=11.0pt
* \columnsep=10.0pt
* \skip\footins=9.0pt plus 4.0pt minus 2.0pt
* \hoffset=0.0pt
* \voffset=0.0pt
* \mag=1000
* \@twocolumnfalse
* \@twosidefalse
* \@mparswitchfalse
* \@reversemarginfalse
* (1in=72.27pt=25.4mm, 1cm=28.453pt)

<ua_crest.pdf, id=1, 326.21875pt x 144.54pt>
File: ua_crest.pdf Graphic file (type pdf)
<use ua_crest.pdf>
Package pdftex.def Info: ua_crest.pdf  used on input line 151.
(pdftex.def)             Requested size: 81.55447pt x 36.1349pt.
[1

{/usr/local/texlive/2019/texmf-var/fonts/map/pdftex/updmap/pdftex.map} <./ua_cr
est.pdf>] [1

] [2

] (./thesis.toc
LaTeX Font Info:    Try loading font information for U+msa on input line 2.

(/usr/local/texlive/2019/texmf-dist/tex/latex/amsfonts/umsa.fd
File: umsa.fd 2013/01/14 v3.01 AMS symbols A
)
LaTeX Font Info:    Try loading font information for U+msb on input line 2.

(/usr/local/texlive/2019/texmf-dist/tex/latex/amsfonts/umsb.fd
File: umsb.fd 2013/01/14 v3.01 AMS symbols B
) [3

])
\tf@toc=\write3
\openout3 = `thesis.toc'.

 [1]
<images/cat_real.png, id=25, 1061.9675pt x 68.255pt>
File: images/cat_real.png Graphic file (type png)
<use images/cat_real.png>
Package pdftex.def Info: images/cat_real.png  used on input line 213.
(pdftex.def)             Requested size: 341.43437pt x 21.94514pt.
<images/real_131.png, id=26, 1061.9675pt x 68.255pt>
File: images/real_131.png Graphic file (type png)
<use images/real_131.png>
Package pdftex.def Info: images/real_131.png  used on input line 214.
(pdftex.def)             Requested size: 341.43437pt x 21.94514pt.

[2

 <./images/cat_real.png (PNG copy)> <./images/real_131.png (PNG copy)>]
Underfull \hbox (badness 10000) in paragraph at lines 240--241

 []


Underfull \hbox (badness 10000) in paragraph at lines 242--244

 []


Underfull \hbox (badness 10000) in paragraph at lines 245--247

 []


Underfull \hbox (badness 10000) in paragraph at lines 248--250

 []

[3] [3]
Chapter 1.
[4

] [5] [5]
Chapter 2.
[6

] [7] [8] [9] [9]
Chapter 3.
[10

] [11]
Overfull \hbox (24.95244pt too wide) detected at line 523
\OML/cmm/m/it/10 L[] \OT1/cmr/m/n/10 = \OMS/cmsy/m/n/10 ^^@[] [] [] ^^@ [] [] [
]
 []


Underfull \hbox (badness 10000) in paragraph at lines 523--524

 []


Underfull \hbox (badness 10000) in paragraph at lines 529--530

 []

[11]
Chapter 4.
<../progress/imgs/mrvdc/real_samples.png, id=83, 573.86673pt x 353.479pt>
File: ../progress/imgs/mrvdc/real_samples.png Graphic file (type png)
<use ../progress/imgs/mrvdc/real_samples.png>
Package pdftex.def Info: ../progress/imgs/mrvdc/real_samples.png  used on input
 line 546.
(pdftex.def)             Requested size: 341.43437pt x 210.31451pt.
[12

 <../progress/imgs/mrvdc/real_samples.png (PNG copy)>]
<../progress/imgs/mnist/mnist_artifacts.png, id=87, 624.6704pt x 480.1304pt>
File: ../progress/imgs/mnist/mnist_artifacts.png Graphic file (type png)
<use ../progress/imgs/mnist/mnist_artifacts.png>
Package pdftex.def Info: ../progress/imgs/mnist/mnist_artifacts.png  used on in
put line 577.
(pdftex.def)             Requested size: 341.43437pt x 262.43147pt.
 [13]
<../progress/imgs/mnist/mode_collapse.png, id=91, 805.0075pt x 52.195pt>
File: ../progress/imgs/mnist/mode_collapse.png Graphic file (type png)
<use ../progress/imgs/mnist/mode_collapse.png>
Package pdftex.def Info: ../progress/imgs/mnist/mode_collapse.png  used on inpu
t line 583.
(pdftex.def)             Requested size: 341.43437pt x 22.13757pt.
<../progress/imgs/mnist/mode_collapse2.png, id=92, 805.0075pt x 52.195pt>
File: ../progress/imgs/mnist/mode_collapse2.png Graphic file (type png)
<use ../progress/imgs/mnist/mode_collapse2.png>
Package pdftex.def Info: ../progress/imgs/mnist/mode_collapse2.png  used on inp
ut line 584.
(pdftex.def)             Requested size: 341.43437pt x 22.13757pt.
<../progress/imgs/mnist/mode_collapse3.png, id=93, 805.0075pt x 52.195pt>
File: ../progress/imgs/mnist/mode_collapse3.png Graphic file (type png)
<use ../progress/imgs/mnist/mode_collapse3.png>
Package pdftex.def Info: ../progress/imgs/mnist/mode_collapse3.png  used on inp
ut line 585.
(pdftex.def)             Requested size: 341.43437pt x 22.13757pt.
<../progress/imgs/mnist/minst_9_true.png, id=94, 749.17516pt x 45.79485pt>
File: ../progress/imgs/mnist/minst_9_true.png Graphic file (type png)
<use ../progress/imgs/mnist/minst_9_true.png>
Package pdftex.def Info: ../progress/imgs/mnist/minst_9_true.png  used on input
 line 591.
(pdftex.def)             Requested size: 341.43437pt x 20.87091pt.
<../progress/imgs/mnist/minst_fake_9.png, id=95, 744.88188pt x 42.93268pt>
File: ../progress/imgs/mnist/minst_fake_9.png Graphic file (type png)
<use ../progress/imgs/mnist/minst_fake_9.png>
Package pdftex.def Info: ../progress/imgs/mnist/minst_fake_9.png  used on input
 line 592.
(pdftex.def)             Requested size: 341.43437pt x 19.67915pt.
<images/cond_mnist/1.jpg, id=96, 1061.9675pt x 68.255pt>
File: images/cond_mnist/1.jpg Graphic file (type jpg)
<use images/cond_mnist/1.jpg>
Package pdftex.def Info: images/cond_mnist/1.jpg  used on input line 602.
(pdftex.def)             Requested size: 341.43437pt x 21.94514pt.
<images/cond_mnist/2.jpg, id=97, 1061.9675pt x 68.255pt>
File: images/cond_mnist/2.jpg Graphic file (type jpg)
<use images/cond_mnist/2.jpg>
Package pdftex.def Info: images/cond_mnist/2.jpg  used on input line 603.
(pdftex.def)             Requested size: 341.43437pt x 21.94514pt.
<images/cond_mnist/3.jpg, id=98, 1061.9675pt x 68.255pt>
File: images/cond_mnist/3.jpg Graphic file (type jpg)
<use images/cond_mnist/3.jpg>
Package pdftex.def Info: images/cond_mnist/3.jpg  used on input line 604.
(pdftex.def)             Requested size: 341.43437pt x 21.94514pt.
<images/cond_mnist/4.jpg, id=99, 1061.9675pt x 68.255pt>
File: images/cond_mnist/4.jpg Graphic file (type jpg)
<use images/cond_mnist/4.jpg>
Package pdftex.def Info: images/cond_mnist/4.jpg  used on input line 605.
(pdftex.def)             Requested size: 341.43437pt x 21.94514pt.
 [14 <../progress/imgs/mnist/mnist_artifacts.png (PNG copy)> <../progress/imgs/
mnist/mode_collapse.png (PNG copy)> <../progress/imgs/mnist/mode_collapse2.png 
(PNG copy)> <../progress/imgs/mnist/mode_collapse3.png (PNG copy)> <../progress
/imgs/mnist/minst_9_true.png (PNG copy)> <../progress/imgs/mnist/minst_fake_9.p
ng (PNG copy)>]
<../progress/imgs/mrvdc/good_1.png, id=103, 827.16951pt x 103.75397pt>
File: ../progress/imgs/mrvdc/good_1.png Graphic file (type png)
<use ../progress/imgs/mrvdc/good_1.png>
Package pdftex.def Info: ../progress/imgs/mrvdc/good_1.png  used on input line 
615.
(pdftex.def)             Requested size: 341.43437pt x 42.82753pt.
<../progress/imgs/mrvdc/good_2.png, id=104, 816.43634pt x 108.76277pt>
File: ../progress/imgs/mrvdc/good_2.png Graphic file (type png)
<use ../progress/imgs/mrvdc/good_2.png>
Package pdftex.def Info: ../progress/imgs/mrvdc/good_2.png  used on input line 
616.
(pdftex.def)             Requested size: 341.43437pt x 45.48587pt.
<../progress/imgs/mrvdc/bad_quality.png, id=105, 838.61823pt x 230.40535pt>
File: ../progress/imgs/mrvdc/bad_quality.png Graphic file (type png)
<use ../progress/imgs/mrvdc/bad_quality.png>
Package pdftex.def Info: ../progress/imgs/mrvdc/bad_quality.png  used on input 
line 622.
(pdftex.def)             Requested size: 341.43437pt x 93.80936pt.
<../progress/imgs/mrvdc/test1.png, id=106, 743.45079pt x 201.78357pt>
File: ../progress/imgs/mrvdc/test1.png Graphic file (type png)
<use ../progress/imgs/mrvdc/test1.png>
Package pdftex.def Info: ../progress/imgs/mrvdc/test1.png  used on input line 6
28.
(pdftex.def)             Requested size: 341.43437pt x 92.67068pt.
<../progress/imgs/mrvdc/test2.png, id=107, 777.08139pt x 213.94781pt>
File: ../progress/imgs/mrvdc/test2.png Graphic file (type png)
<use ../progress/imgs/mrvdc/test2.png>
Package pdftex.def Info: ../progress/imgs/mrvdc/test2.png  used on input line 6
34.
(pdftex.def)             Requested size: 341.43437pt x 94.00346pt.

[15 <./images/cond_mnist/1.jpg> <./images/cond_mnist/2.jpg> <./images/cond_mnis
t/3.jpg> <./images/cond_mnist/4.jpg> <../progress/imgs/mrvdc/good_1.png (PNG co
py)> <../progress/imgs/mrvdc/good_2.png (PNG copy)> <../progress/imgs/mrvdc/bad
_quality.png (PNG copy)> <../progress/imgs/mrvdc/test1.png (PNG copy)>]
<images/uncond_mr/1.jpg, id=111, 2089.8075pt x 523.9575pt>
File: images/uncond_mr/1.jpg Graphic file (type jpg)
<use images/uncond_mr/1.jpg>
Package pdftex.def Info: images/uncond_mr/1.jpg  used on input line 645.
(pdftex.def)             Requested size: 405.45047pt x 101.65562pt.
<images/uncond_mr/2.jpg, id=112, 2089.8075pt x 523.9575pt>
File: images/uncond_mr/2.jpg Graphic file (type jpg)
<use images/uncond_mr/2.jpg>
Package pdftex.def Info: images/uncond_mr/2.jpg  used on input line 646.
(pdftex.def)             Requested size: 405.45047pt x 101.65562pt.
<images/uncond_mr/3.jpg, id=113, 2089.8075pt x 523.9575pt>
File: images/uncond_mr/3.jpg Graphic file (type jpg)
<use images/uncond_mr/3.jpg>
Package pdftex.def Info: images/uncond_mr/3.jpg  used on input line 647.
(pdftex.def)             Requested size: 405.45047pt x 101.65562pt.
<images/unconditional_bad.png, id=114, 1016.598pt x 254.8722pt>
File: images/unconditional_bad.png Graphic file (type png)
<use images/unconditional_bad.png>
Package pdftex.def Info: images/unconditional_bad.png  used on input line 654.
(pdftex.def)             Requested size: 341.43437pt x 85.59758pt.

[16 <../progress/imgs/mrvdc/test2.png (PNG copy)> <./images/uncond_mr/1.jpg> <.
/images/uncond_mr/2.jpg> <./images/uncond_mr/3.jpg>]
<images/cond_mr/1.jpg, id=119, 1061.9675pt x 68.255pt>
File: images/cond_mr/1.jpg Graphic file (type jpg)
<use images/cond_mr/1.jpg>
Package pdftex.def Info: images/cond_mr/1.jpg  used on input line 669.
(pdftex.def)             Requested size: 405.45047pt x 26.059pt.
<images/cond_mr/1.png, id=120, 1061.9675pt x 68.255pt>
File: images/cond_mr/1.png Graphic file (type png)
<use images/cond_mr/1.png>
Package pdftex.def Info: images/cond_mr/1.png  used on input line 670.
(pdftex.def)             Requested size: 405.45047pt x 26.059pt.
<images/cond_mr/2.jpg, id=121, 1061.9675pt x 68.255pt>
File: images/cond_mr/2.jpg Graphic file (type jpg)
<use images/cond_mr/2.jpg>
Package pdftex.def Info: images/cond_mr/2.jpg  used on input line 671.
(pdftex.def)             Requested size: 405.45047pt x 26.059pt.
<images/cond_mr/2.png, id=122, 1061.9675pt x 68.255pt>
File: images/cond_mr/2.png Graphic file (type png)
<use images/cond_mr/2.png>
Package pdftex.def Info: images/cond_mr/2.png  used on input line 672.
(pdftex.def)             Requested size: 405.45047pt x 26.059pt.
<images/cond_mr/3.jpg, id=123, 1061.9675pt x 68.255pt>
File: images/cond_mr/3.jpg Graphic file (type jpg)
<use images/cond_mr/3.jpg>
Package pdftex.def Info: images/cond_mr/3.jpg  used on input line 673.
(pdftex.def)             Requested size: 405.45047pt x 26.059pt.
<images/cond_mr/3.png, id=124, 1061.9675pt x 68.255pt>
File: images/cond_mr/3.png Graphic file (type png)
<use images/cond_mr/3.png>
Package pdftex.def Info: images/cond_mr/3.png  used on input line 674.
(pdftex.def)             Requested size: 405.45047pt x 26.059pt.
 [17 <./images/unconditional_bad.png> <./images/cond_mr/1.jpg> <./images/cond_m
r/1.png (PNG copy)> <./images/cond_mr/2.jpg> <./images/cond_mr/2.png (PNG copy)
> <./images/cond_mr/3.jpg> <./images/cond_mr/3.png (PNG copy)>]
<images/wtf_1.png, id=130, 262.9825pt x 134.5025pt>
File: images/wtf_1.png Graphic file (type png)
<use images/wtf_1.png>
Package pdftex.def Info: images/wtf_1.png  used on input line 691.
(pdftex.def)             Requested size: 170.71393pt x 87.31474pt.
<images/wtf_2.png, id=131, 266.9975pt x 66.2475pt>
File: images/wtf_2.png Graphic file (type png)
<use images/wtf_2.png>
Package pdftex.def Info: images/wtf_2.png  used on input line 692.
(pdftex.def)             Requested size: 341.43437pt x 84.72472pt.
 [17 <./images/wtf_1.png> <./images/wtf_2.png>]
Chapter 5.
(./thesis.bbl [18

] [19

]) [20] (./thesis.aux)

LaTeX Warning: There were multiply-defined labels.

 ) 
Here is how much of TeX's memory you used:
 4719 strings out of 492616
 67053 string characters out of 6129482
 145383 words of memory out of 5000000
 8532 multiletter control sequences out of 15000+600000
 8877 words of font info for 34 fonts, out of 8000000 for 9000
 1141 hyphenation exceptions out of 8191
 41i,5n,32p,991b,546s stack positions out of 5000i,500n,10000p,200000b,80000s
</usr/local/texlive/2019/texmf-dist/fonts/type1/public/amsfonts/cm/cmbx10.pfb
></usr/local/texlive/2019/texmf-dist/fonts/type1/public/amsfonts/cm/cmbx12.pfb>
</usr/local/texlive/2019/texmf-dist/fonts/type1/public/amsfonts/cm/cmex10.pfb><
/usr/local/texlive/2019/texmf-dist/fonts/type1/public/amsfonts/cm/cmmi10.pfb></
usr/local/texlive/2019/texmf-dist/fonts/type1/public/amsfonts/cm/cmmi5.pfb></us
r/local/texlive/2019/texmf-dist/fonts/type1/public/amsfonts/cm/cmmi7.pfb></usr/
local/texlive/2019/texmf-dist/fonts/type1/public/amsfonts/cm/cmr10.pfb></usr/lo
cal/texlive/2019/texmf-dist/fonts/type1/public/amsfonts/cm/cmr12.pfb></usr/loca
l/texlive/2019/texmf-dist/fonts/type1/public/amsfonts/cm/cmr5.pfb></usr/local/t
exlive/2019/texmf-dist/fonts/type1/public/amsfonts/cm/cmr7.pfb></usr/local/texl
ive/2019/texmf-dist/fonts/type1/public/amsfonts/cm/cmssbx10.pfb></usr/local/tex
live/2019/texmf-dist/fonts/type1/public/amsfonts/cm/cmsy10.pfb></usr/local/texl
ive/2019/texmf-dist/fonts/type1/public/amsfonts/cm/cmsy7.pfb></usr/local/texliv
e/2019/texmf-dist/fonts/type1/public/amsfonts/cm/cmti10.pfb></usr/local/texlive
/2019/texmf-dist/fonts/type1/public/amsfonts/cm/cmtt10.pfb></usr/local/texlive/
2019/texmf-dist/fonts/type1/public/amsfonts/symbols/msbm10.pfb>
Output written on thesis.pdf (29 pages, 7128849 bytes).
PDF statistics:
 198 PDF objects out of 1000 (max. 8388607)
 115 compressed objects within 2 object streams
 0 named destinations out of 1000 (max. 500000)
 156 words of extra memory for PDF output out of 10000 (max. 10000000)

